  pch.cpp
  MFCApplication1.cpp
C:\opencv\build\include\opencv2\core.hpp(1746,1): warning C4819: 현재 코드 페이지(949)에서 표시할 수 없는 문자가 파일에 들어 있습니다. 데이터가 손실되지 않게 하려면 해당 파일을 유니코드 형식으로 저장하십시오.
C:\opencv\build\include\opencv2\core.hpp(1746,1): warning C4819: 현재 코드 페이지(949)에서 표시할 수 없는 문자가 파일에 들어 있습니다. 데이터가 손실되지 않게 하려면 해당 파일을 유니코드 형식으로 저장하십시오.
C:\opencv\build\include\opencv2\core.hpp(1746,1): warning C4819: 현재 코드 페이지(949)에서 표시할 수 없는 문자가 파일에 들어 있습니다. 데이터가 손실되지 않게 하려면 해당 파일을 유니코드 형식으로 저장하십시오.
  MFCApplication1Dlg.cpp
C:\opencv\build\include\opencv2\core.hpp(1746,1): warning C4819: 현재 코드 페이지(949)에서 표시할 수 없는 문자가 파일에 들어 있습니다. 데이터가 손실되지 않게 하려면 해당 파일을 유니코드 형식으로 저장하십시오.
C:\opencv\build\include\opencv2\core.hpp(1746,1): warning C4819: 현재 코드 페이지(949)에서 표시할 수 없는 문자가 파일에 들어 있습니다. 데이터가 손실되지 않게 하려면 해당 파일을 유니코드 형식으로 저장하십시오.
C:\opencv\build\include\opencv2\core.hpp(1746,1): warning C4819: 현재 코드 페이지(949)에서 표시할 수 없는 문자가 파일에 들어 있습니다. 데이터가 손실되지 않게 하려면 해당 파일을 유니코드 형식으로 저장하십시오.
C:\Users\1r2da\source\repos\MFCApplication1\MFCApplication1\MFCApplication1Dlg.cpp(271,20): warning C4018: '<': signed 또는 unsigned가 일치하지 않습니다.
  코드를 생성하고 있습니다...
dlib19.24.2_release_64bit_msvc1932.lib(test_for_odr_violations.obj) : error LNK2038: '_ITERATOR_DEBUG_LEVEL'에 대해 불일치가 검색되었습니다. '0' 값이 '2'(MFCApplication1.obj에 위치) 값과 일치하지 않습니다.
dlib19.24.2_release_64bit_msvc1932.lib(test_for_odr_violations.obj) : error LNK2038: 'RuntimeLibrary'에 대해 불일치가 검색되었습니다. 'MD_DynamicRelease' 값이 'MDd_DynamicDebug'(MFCApplication1.obj에 위치) 값과 일치하지 않습니다.
dlib19.24.2_release_64bit_msvc1932.lib(entropy_decoder_kernel_2.obj) : error LNK2038: '_ITERATOR_DEBUG_LEVEL'에 대해 불일치가 검색되었습니다. '0' 값이 '2'(MFCApplication1.obj에 위치) 값과 일치하지 않습니다.
dlib19.24.2_release_64bit_msvc1932.lib(entropy_decoder_kernel_2.obj) : error LNK2038: 'RuntimeLibrary'에 대해 불일치가 검색되었습니다. 'MD_DynamicRelease' 값이 'MDd_DynamicDebug'(MFCApplication1.obj에 위치) 값과 일치하지 않습니다.
dlib19.24.2_release_64bit_msvc1932.lib(base64_kernel_1.obj) : error LNK2038: '_ITERATOR_DEBUG_LEVEL'에 대해 불일치가 검색되었습니다. '0' 값이 '2'(MFCApplication1.obj에 위치) 값과 일치하지 않습니다.
dlib19.24.2_release_64bit_msvc1932.lib(base64_kernel_1.obj) : error LNK2038: 'RuntimeLibrary'에 대해 불일치가 검색되었습니다. 'MD_DynamicRelease' 값이 'MDd_DynamicDebug'(MFCApplication1.obj에 위치) 값과 일치하지 않습니다.
msvcrtd.lib(initializers.obj) : warning LNK4098: 'msvcrt.lib' defaultlib가 다른 라이브러리와 충돌합니다. /NODEFAULTLIB:library를 사용하십시오.
MFCApplication1.obj : error LNK2001: 확인할 수 없는 외부 기호 USER_ERROR__inconsistent_build_configuration__see_dlib_faq_1
MFCApplication1Dlg.obj : error LNK2001: 확인할 수 없는 외부 기호 USER_ERROR__inconsistent_build_configuration__see_dlib_faq_1
C:\Users\1r2da\source\repos\MFCApplication1\x64\Debug\MFCApplication1.exe : fatal error LNK1120: 1개의 확인할 수 없는 외부 참조입니다.
